#
# A fatal error has been detected by the Java Runtime Environment:
#
#  SIGSEGV (0xb) at pc=0x0000000106365988, pid=18205, tid=0x0000000000009803
#
# JRE version: OpenJDK Runtime Environment (8.0_282) (build 1.8.0_282-bre_2021_01_20_16_37-b00)
# Java VM: OpenJDK 64-Bit Server VM (25.282-b00 mixed mode bsd-amd64 compressed oops)
# Problematic frame:
# V  [libjvm.dylib+0x565988]  Unsafe_GetByte+0xcd
#
# Failed to write core dump. Core dumps have been disabled. To enable core dumping, try "ulimit -c unlimited" before starting Java again
#
# If you would like to submit a bug report, please visit:
#   http://bugreport.java.com/bugreport/crash.jsp
#

---------------  T H R E A D  ---------------

Current thread (0x00007fef37f6cc00):  JavaThread "CompactionExecutor:2" daemon [_thread_in_vm, id=38915, stack(0x0000700008d7d000,0x0000700008dbd000)]

siginfo: si_signo: 11 (SIGSEGV), si_code: 1 (SEGV_MAPERR), si_addr: 0x0000000000000000

Registers:
RAX=0x0000000106500190, RBX=0x00007fef37f6cc00, RCX=0x00007fef377a3d70, RDX=0x0000000000000000
RSP=0x0000700008dbba50, RBP=0x0000700008dbba80, RSI=0x0000700008dbbb28, RDI=0x00007fef37f6ce50
R8 =0x0000000000000000, R9 =0x0000000000000000, R10=0x00000001143d313b, R11=0x00000001062e5837
R12=0x0000000000000000, R13=0x0000000109b60dd0, R14=0x00007fef377a3d70, R15=0x0000000000000000
RIP=0x0000000106365988, EFLAGS=0x0000000000010246, ERR=0x0000000000000004
  TRAPNO=0x000000000000000e

Top of Stack: (sp=0x0000700008dbba50)
0x0000700008dbba50:   0000000109ce1410 00007fef37f6cc00
0x0000700008dbba60:   00007fef37f6cc00 0000000109b60dd0
0x0000700008dbba70:   0000700008dbbb28 00007fef37f6cc00
0x0000700008dbba80:   0000700008dbbaf0 00000001143d3167
0x0000700008dbba90:   00000007c003f170 00000007c003f170
0x0000700008dbbaa0:   0000000109b7a240 00007fef37f6cc00
0x0000700008dbbab0:   0000700008dbbab0 0000000000000000
0x0000700008dbbac0:   0000700008dbbb28 0000000109b909e0
0x0000700008dbbad0:   0000000000000000 0000000109b60dd0
0x0000700008dbbae0:   0000000000000000 0000700008dbbb10
0x0000700008dbbaf0:   0000700008dbbb70 00000001143c2700
0x0000700008dbbb00:   0000000000000000 00000001143cc90e
0x0000700008dbbb10:   00007fef377a3d70 00000001143c2a40
0x0000700008dbbb20:   0000000000000000 00000007900e7b08
0x0000700008dbbb30:   0000700008dbbb30 000000010cedf8fd
0x0000700008dbbb40:   0000700008dbbbf0 000000010cedfbe8
0x0000700008dbbb50:   000000010d0b4018 000000010cedfa00
0x0000700008dbbb60:   0000700008dbbb10 0000700008dbbbb8
0x0000700008dbbb70:   0000700008dbbc38 00000001143c2a40
0x0000700008dbbb80:   0000000000000000 0000000000000000
0x0000700008dbbb90:   0000000000000000 0000000000000000
0x0000700008dbbba0:   0000000000000000 0000000000000000
0x0000700008dbbbb0:   0000000000000005 0000000000000005
0x0000700008dbbbc0:   0000000000000010 00000001143c2a40
0x0000700008dbbbd0:   0000000785d86b80 0000000000000005
0x0000700008dbbbe0:   00007fef377a3d70 0000000000000010
0x0000700008dbbbf0:   0000000000000000 0000700008dbbbf8
0x0000700008dbbc00:   000000010cedf72c 0000700008dbbc98
0x0000700008dbbc10:   000000010cedfbe8 000000010d0b3d38
0x0000700008dbbc20:   000000010cedf7c8 0000700008dbbbb8
0x0000700008dbbc30:   0000700008dbbc78 0000700008dbbce0
0x0000700008dbbc40:   00000001143c2a40 0000000000000005 

Instructions: (pc=0x0000000106365988)
0x0000000106365968:   00 30 74 08 48 89 df e8 50 97 fe ff c7 83 c8 02
0x0000000106365978:   00 00 06 00 00 00 48 89 5d e0 41 f6 c7 01 75 05
0x0000000106365988:   49 8b 07 eb 08 4c 89 ff e8 35 2c dd ff 42 0f be
0x0000000106365998:   1c 30 48 8d 7d e0 e8 71 b7 d9 ff 48 8d 7d d8 e8 

Register to memory mapping:

RAX=0x0000000106500190: _ZN20SafepointSynchronize6_stateE+0 in /usr/local/Cellar/openjdk@8/1.8.0+282/libexec/openjdk.jdk/Contents/Home/jre/lib/server/libjvm.dylib at 0x0000000105e00000
RBX=0x00007fef37f6cc00 is a thread
RCX=0x00007fef377a3d70 is an unknown value
RDX=0x0000000000000000 is an unknown value
RSP=0x0000700008dbba50 is pointing into the stack for thread: 0x00007fef37f6cc00
RBP=0x0000700008dbba80 is pointing into the stack for thread: 0x00007fef37f6cc00
RSI=0x0000700008dbbb28 is pointing into the stack for thread: 0x00007fef37f6cc00
RDI=0x00007fef37f6ce50 is an unknown value
R8 =0x0000000000000000 is an unknown value
R9 =0x0000000000000000 is an unknown value
R10=0x00000001143d313b is at code_begin+859 in an Interpreter codelet
method entry point (kind = native)  [0x00000001143d2de0, 0x00000001143d3760]  2432 bytes
R11=0x00000001062e5837: throw_unsatisfied_link_error+0 in /usr/local/Cellar/openjdk@8/1.8.0+282/libexec/openjdk.jdk/Contents/Home/jre/lib/server/libjvm.dylib at 0x0000000105e00000
R12=0x0000000000000000 is an unknown value
R13={method} {0x0000000109b60dd0} 'getByte' '(Ljava/lang/Object;J)B' in 'sun/misc/Unsafe'
R14=0x00007fef377a3d70 is an unknown value
R15=0x0000000000000000 is an unknown value


Stack: [0x0000700008d7d000,0x0000700008dbd000],  sp=0x0000700008dbba50,  free space=250k
Native frames: (J=compiled Java code, j=interpreted, Vv=VM code, C=native code)
V  [libjvm.dylib+0x565988]  Unsafe_GetByte+0xcd
j  sun.misc.Unsafe.getByte(Ljava/lang/Object;J)B+0
j  org.apache.cassandra.utils.FastByteOperations$UnsafeOperations.compareTo(Ljava/lang/Object;JILjava/lang/Object;JI)I+117
j  org.apache.cassandra.utils.FastByteOperations$UnsafeOperations.compareTo(Ljava/lang/Object;JILjava/nio/ByteBuffer;)I+84
j  org.apache.cassandra.utils.FastByteOperations$UnsafeOperations.compareTo(Ljava/nio/ByteBuffer;Ljava/nio/ByteBuffer;)I+57
j  org.apache.cassandra.utils.FastByteOperations$UnsafeOperations.compare(Ljava/nio/ByteBuffer;Ljava/nio/ByteBuffer;)I+2
j  org.apache.cassandra.utils.FastByteOperations.compareUnsigned(Ljava/nio/ByteBuffer;Ljava/nio/ByteBuffer;)I+5
j  org.apache.cassandra.utils.ByteBufferUtil.compareUnsigned(Ljava/nio/ByteBuffer;Ljava/nio/ByteBuffer;)I+2
j  org.apache.cassandra.db.DecoratedKey.compareTo(Lorg/apache/cassandra/dht/IPartitioner;Ljava/nio/ByteBuffer;Lorg/apache/cassandra/db/PartitionPosition;)I+53
j  org.apache.cassandra.io.sstable.IndexSummary.binarySearch(Lorg/apache/cassandra/db/PartitionPosition;)I+54
j  org.apache.cassandra.io.sstable.format.SSTableReader.getIndexScanPosition(Lorg/apache/cassandra/db/PartitionPosition;)J+33
j  org.apache.cassandra.io.sstable.format.big.BigTableScanner.seekToCurrentRangeStart()V+14
j  org.apache.cassandra.io.sstable.format.big.BigTableScanner.access$400(Lorg/apache/cassandra/io/sstable/format/big/BigTableScanner;)V+1
j  org.apache.cassandra.io.sstable.format.big.BigTableScanner$KeyScanningIterator.computeNext()Lorg/apache/cassandra/db/rows/UnfilteredRowIterator;+105
j  org.apache.cassandra.io.sstable.format.big.BigTableScanner$KeyScanningIterator.computeNext()Ljava/lang/Object;+1
j  org.apache.cassandra.utils.AbstractIterator.hasNext()Z+45
j  org.apache.cassandra.io.sstable.format.big.BigTableScanner.hasNext()Z+19
j  org.apache.cassandra.utils.MergeIterator$Candidate.advance()Lorg/apache/cassandra/utils/MergeIterator$Candidate;+21
j  org.apache.cassandra.utils.MergeIterator$ManyToOne.advance()V+27
j  org.apache.cassandra.utils.MergeIterator$ManyToOne.computeNext()Ljava/lang/Object;+1
j  org.apache.cassandra.utils.AbstractIterator.hasNext()Z+45
j  org.apache.cassandra.db.partitions.UnfilteredPartitionIterators$2.hasNext()Z+4
j  org.apache.cassandra.db.transform.BasePartitions.hasNext()Z+49
j  org.apache.cassandra.db.compaction.CompactionIterator.hasNext()Z+4
j  org.apache.cassandra.db.compaction.CompactionTask.runMayThrow()V+456
j  org.apache.cassandra.utils.WrappedRunnable.run()V+1
j  org.apache.cassandra.db.compaction.CompactionTask.executeInternal(Lorg/apache/cassandra/db/compaction/CompactionManager$CompactionExecutorStatsCollector;)I+6
j  org.apache.cassandra.db.compaction.AbstractCompactionTask.execute(Lorg/apache/cassandra/db/compaction/CompactionManager$CompactionExecutorStatsCollector;)I+2
j  org.apache.cassandra.db.compaction.CompactionManager$BackgroundCompactionCandidate.run()V+128
j  java.util.concurrent.Executors$RunnableAdapter.call()Ljava/lang/Object;+4
j  java.util.concurrent.FutureTask.run()V+42
j  java.util.concurrent.ThreadPoolExecutor.runWorker(Ljava/util/concurrent/ThreadPoolExecutor$Worker;)V+95
j  java.util.concurrent.ThreadPoolExecutor$Worker.run()V+5
j  org.apache.cassandra.concurrent.NamedThreadFactory.lambda$threadLocalDeallocator$0(Ljava/lang/Runnable;)V+1
j  org.apache.cassandra.concurrent.NamedThreadFactory$$Lambda$5.run()V+4
j  java.lang.Thread.run()V+11
v  ~StubRoutines::call_stub
V  [libjvm.dylib+0x2cca1f]  JavaCalls::call_helper(JavaValue*, methodHandle*, JavaCallArguments*, Thread*)+0x689
V  [libjvm.dylib+0x2cb892]  JavaCalls::call_virtual(JavaValue*, KlassHandle, Symbol*, Symbol*, JavaCallArguments*, Thread*)+0x148
V  [libjvm.dylib+0x2cba73]  JavaCalls::call_virtual(JavaValue*, Handle, KlassHandle, Symbol*, Symbol*, Thread*)+0x57
V  [libjvm.dylib+0x3475d9]  thread_entry(JavaThread*, Thread*)+0x78
V  [libjvm.dylib+0x54d9fc]  JavaThread::thread_main_inner()+0x82
V  [libjvm.dylib+0x54d8c1]  JavaThread::run()+0x169
V  [libjvm.dylib+0x484453]  java_start(Thread*)+0xfa
C  [libsystem_pthread.dylib+0x6109]  _pthread_start+0x94
C  [libsystem_pthread.dylib+0x1b8b]  thread_start+0xf
C  0x0000000000000000

Java frames: (J=compiled Java code, j=interpreted, Vv=VM code)
j  sun.misc.Unsafe.getByte(Ljava/lang/Object;J)B+0
j  org.apache.cassandra.utils.FastByteOperations$UnsafeOperations.compareTo(Ljava/lang/Object;JILjava/lang/Object;JI)I+117
j  org.apache.cassandra.utils.FastByteOperations$UnsafeOperations.compareTo(Ljava/lang/Object;JILjava/nio/ByteBuffer;)I+84
j  org.apache.cassandra.utils.FastByteOperations$UnsafeOperations.compareTo(Ljava/nio/ByteBuffer;Ljava/nio/ByteBuffer;)I+57
j  org.apache.cassandra.utils.FastByteOperations$UnsafeOperations.compare(Ljava/nio/ByteBuffer;Ljava/nio/ByteBuffer;)I+2
j  org.apache.cassandra.utils.FastByteOperations.compareUnsigned(Ljava/nio/ByteBuffer;Ljava/nio/ByteBuffer;)I+5
j  org.apache.cassandra.utils.ByteBufferUtil.compareUnsigned(Ljava/nio/ByteBuffer;Ljava/nio/ByteBuffer;)I+2
j  org.apache.cassandra.db.DecoratedKey.compareTo(Lorg/apache/cassandra/dht/IPartitioner;Ljava/nio/ByteBuffer;Lorg/apache/cassandra/db/PartitionPosition;)I+53
j  org.apache.cassandra.io.sstable.IndexSummary.binarySearch(Lorg/apache/cassandra/db/PartitionPosition;)I+54
j  org.apache.cassandra.io.sstable.format.SSTableReader.getIndexScanPosition(Lorg/apache/cassandra/db/PartitionPosition;)J+33
j  org.apache.cassandra.io.sstable.format.big.BigTableScanner.seekToCurrentRangeStart()V+14
j  org.apache.cassandra.io.sstable.format.big.BigTableScanner.access$400(Lorg/apache/cassandra/io/sstable/format/big/BigTableScanner;)V+1
j  org.apache.cassandra.io.sstable.format.big.BigTableScanner$KeyScanningIterator.computeNext()Lorg/apache/cassandra/db/rows/UnfilteredRowIterator;+105
j  org.apache.cassandra.io.sstable.format.big.BigTableScanner$KeyScanningIterator.computeNext()Ljava/lang/Object;+1
j  org.apache.cassandra.utils.AbstractIterator.hasNext()Z+45
j  org.apache.cassandra.io.sstable.format.big.BigTableScanner.hasNext()Z+19
j  org.apache.cassandra.utils.MergeIterator$Candidate.advance()Lorg/apache/cassandra/utils/MergeIterator$Candidate;+21
j  org.apache.cassandra.utils.MergeIterator$ManyToOne.advance()V+27
j  org.apache.cassandra.utils.MergeIterator$ManyToOne.computeNext()Ljava/lang/Object;+1
j  org.apache.cassandra.utils.AbstractIterator.hasNext()Z+45
j  org.apache.cassandra.db.partitions.UnfilteredPartitionIterators$2.hasNext()Z+4
j  org.apache.cassandra.db.transform.BasePartitions.hasNext()Z+49
j  org.apache.cassandra.db.compaction.CompactionIterator.hasNext()Z+4
j  org.apache.cassandra.db.compaction.CompactionTask.runMayThrow()V+456
j  org.apache.cassandra.utils.WrappedRunnable.run()V+1
j  org.apache.cassandra.db.compaction.CompactionTask.executeInternal(Lorg/apache/cassandra/db/compaction/CompactionManager$CompactionExecutorStatsCollector;)I+6
j  org.apache.cassandra.db.compaction.AbstractCompactionTask.execute(Lorg/apache/cassandra/db/compaction/CompactionManager$CompactionExecutorStatsCollector;)I+2
j  org.apache.cassandra.db.compaction.CompactionManager$BackgroundCompactionCandidate.run()V+128
j  java.util.concurrent.Executors$RunnableAdapter.call()Ljava/lang/Object;+4
j  java.util.concurrent.FutureTask.run()V+42
j  java.util.concurrent.ThreadPoolExecutor.runWorker(Ljava/util/concurrent/ThreadPoolExecutor$Worker;)V+95
j  java.util.concurrent.ThreadPoolExecutor$Worker.run()V+5
j  org.apache.cassandra.concurrent.NamedThreadFactory.lambda$threadLocalDeallocator$0(Ljava/lang/Runnable;)V+1
j  org.apache.cassandra.concurrent.NamedThreadFactory$$Lambda$5.run()V+4
j  java.lang.Thread.run()V+11
v  ~StubRoutines::call_stub

---------------  P R O C E S S  ---------------

Java Threads: ( => current thread )
  0x00007fef385b8800 JavaThread "LocalPool-Cleaner" daemon [_thread_blocked, id=27395, stack(0x0000700008e89000,0x0000700008ec9000)]
  0x00007fef3cab4200 JavaThread "NonPeriodicTasks:1" daemon [_thread_blocked, id=38403, stack(0x0000700008e46000,0x0000700008e86000)]
  0x00007fef37f6d200 JavaThread "CacheCleanupExecutor:1" daemon [_thread_blocked, id=26883, stack(0x0000700008e03000,0x0000700008e43000)]
  0x00007fef397d7a00 JavaThread "ValidationExecutor:1" daemon [_thread_blocked, id=26627, stack(0x0000700008dc0000,0x0000700008e00000)]
=>0x00007fef37f6cc00 JavaThread "CompactionExecutor:2" daemon [_thread_in_vm, id=38915, stack(0x0000700008d7d000,0x0000700008dbd000)]
  0x00007fef38c58a00 JavaThread "CompactionExecutor:1" daemon [_thread_blocked, id=39427, stack(0x0000700008d3a000,0x0000700008d7a000)]
  0x00007fef384f1a00 JavaThread "Reference-Reaper" daemon [_thread_blocked, id=39683, stack(0x0000700008cf7000,0x0000700008d37000)]
  0x00007fef384dd400 JavaThread "ScheduledFastTasks:1" daemon [_thread_blocked, id=25859, stack(0x0000700008cb4000,0x0000700008cf4000)]
  0x00007fef383e8600 JavaThread "OptionalTasks:1" daemon [_thread_blocked, id=40195, stack(0x0000700008c71000,0x0000700008cb1000)]
  0x00007fef37f22a00 JavaThread "PERIODIC-COMMIT-LOG-SYNCER" [_thread_blocked, id=24839, stack(0x0000700008beb000,0x0000700008c2b000)]
  0x00007fef37f26800 JavaThread "COMMIT-LOG-ALLOCATOR" [_thread_blocked, id=13319, stack(0x000070000836f000,0x00007000083af000)]
  0x00007fef37deae00 JavaThread "SlabPoolCleaner" daemon [_thread_blocked, id=40451, stack(0x0000700008c2e000,0x0000700008c6e000)]
  0x00007fef37deb400 JavaThread "SecondaryIndexManagement:1" daemon [_thread_blocked, id=40963, stack(0x0000700008ba8000,0x0000700008be8000)]
  0x00007fef383d6e00 JavaThread "MemtableReclaimMemory:1" daemon [_thread_blocked, id=41219, stack(0x0000700008b65000,0x0000700008ba5000)]
  0x00007fef383d6800 JavaThread "MemtablePostFlush:1" daemon [_thread_blocked, id=24067, stack(0x0000700008b22000,0x0000700008b62000)]
  0x00007fef37de1e00 JavaThread "PerDiskMemtableFlushWriter_0:2" daemon [_thread_blocked, id=41731, stack(0x0000700008adf000,0x0000700008b1f000)]
  0x00007fef37de2600 JavaThread "PerDiskMemtableFlushWriter_0:1" daemon [_thread_blocked, id=42243, stack(0x0000700008a9c000,0x0000700008adc000)]
  0x00007fef37dba000 JavaThread "MemtableFlushWriter:2" daemon [_thread_blocked, id=42499, stack(0x0000700008a59000,0x0000700008a99000)]
  0x00007fef37db9a00 JavaThread "MemtableFlushWriter:1" daemon [_thread_blocked, id=42755, stack(0x0000700008a16000,0x0000700008a56000)]
  0x00007fef37d38800 JavaThread "EXPIRING-MAP-REAPER:1" daemon [_thread_blocked, id=22787, stack(0x00007000089d3000,0x0000700008a13000)]
  0x00007fef37cca600 JavaThread "RMI TCP Accept-0" daemon [_thread_in_native, id=43011, stack(0x0000700008990000,0x00007000089d0000)]
  0x00007fef382f6800 JavaThread "RMI TCP Accept-7199" daemon [_thread_in_native, id=22275, stack(0x000070000894d000,0x000070000898d000)]
  0x00007fef37cf4c00 JavaThread "ScheduledTasks:1" daemon [_thread_blocked, id=21763, stack(0x000070000890a000,0x000070000894a000)]
  0x00007fef3827d800 JavaThread "AsyncAppender-Worker-ASYNCDEBUGLOG" daemon [_thread_blocked, id=16131, stack(0x00007000088c7000,0x0000700008907000)]
  0x00007fef3880ea00 JavaThread "Service Thread" daemon [_thread_blocked, id=16899, stack(0x0000700008781000,0x00007000087c1000)]
  0x00007fef37964e00 JavaThread "C1 CompilerThread2" daemon [_thread_blocked, id=17411, stack(0x000070000867e000,0x000070000877e000)]
  0x00007fef37964800 JavaThread "C2 CompilerThread1" daemon [_thread_blocked, id=17667, stack(0x000070000857b000,0x000070000867b000)]
  0x00007fef37969c00 JavaThread "C2 CompilerThread0" daemon [_thread_in_native, id=14851, stack(0x0000700008478000,0x0000700008578000)]
  0x00007fef3782be00 JavaThread "Signal Dispatcher" daemon [_thread_blocked, id=14595, stack(0x0000700008435000,0x0000700008475000)]
  0x00007fef37812e00 JavaThread "Surrogate Locker Thread (Concurrent GC)" daemon [_thread_blocked, id=18691, stack(0x00007000083f2000,0x0000700008432000)]
  0x00007fef3803c800 JavaThread "Finalizer" daemon [_thread_blocked, id=20995, stack(0x00007000082a9000,0x00007000082e9000)]
  0x00007fef3803a200 JavaThread "Reference Handler" daemon [_thread_blocked, id=21507, stack(0x0000700008266000,0x00007000082a6000)]
  0x00007fef3880d400 JavaThread "main" [_thread_blocked, id=9475, stack(0x0000700007c11000,0x0000700007c51000)]

Other Threads:
  0x00007fef37419580 VMThread [stack: 0x0000700008163000,0x0000700008263000] [id=11779]
  0x00007fef37434e30 WatcherThread [stack: 0x00007000087c4000,0x00007000088c4000] [id=15619]

VM state:synchronizing (normal execution)

VM Mutex/Monitor currently owned by a thread:  ([mutex/lock_event])
[0x00007fef377057e0] Threads_lock - owner thread: 0x00007fef37419580

heap address: 0x0000000780000000, size: 1024 MB, Compressed Oops mode: Zero based, Oop shift amount: 3
Narrow klass base: 0x0000000000000000, Narrow klass shift: 3
Compressed class space size: 1073741824 Address: 0x00000007c0000000

Heap:
 par new generation   total 235968K, used 143195K [0x0000000780000000, 0x0000000790000000, 0x0000000790000000)
  eden space 209792K,  60% used [0x0000000780000000, 0x0000000787cd0188, 0x000000078cce0000)
  from space 26176K,  58% used [0x000000078cce0000, 0x000000078dbe6d00, 0x000000078e670000)
  to   space 26176K,   0% used [0x000000078e670000, 0x000000078e670000, 0x0000000790000000)
 concurrent mark-sweep generation total 786432K, used 7710K [0x0000000790000000, 0x00000007c0000000, 0x00000007c0000000)
 Metaspace       used 33646K, capacity 34393K, committed 34700K, reserved 1079296K
  class space    used 4765K, capacity 4968K, committed 5040K, reserved 1048576K

Card table byte_map: [0x0000000106b60000,0x0000000106d61000] byte_map_base: 0x0000000102f60000

Marking Bits: (CMSBitMap*) 0x00007fef3800bb48
 Bits: [0x0000000106ee2000, 0x0000000107ae2000)

Mod Union Table: (CMSBitMap*) 0x00007fef3800bc08
 Bits: [0x0000000105535000, 0x0000000105565000)

Polling page: 0x00000001054f8000

CodeCache: size=245760Kb used=9310Kb max_used=9310Kb free=236449Kb
 bounds [0x00000001143bb000, 0x0000000114cdb000, 0x00000001233bb000]
 total_blobs=3395 nmethods=2874 adapters=433
 compilation: enabled

Compilation events (10 events):
Event: 9.314 Thread 0x00007fef37964e00 2873       3       org.apache.cassandra.db.DeletionTime::isLive (26 bytes)
Event: 9.315 Thread 0x00007fef37964e00 nmethod 2873 0x0000000114cd3190 code [0x0000000114cd3300, 0x0000000114cd3590]
Event: 9.315 Thread 0x00007fef37964e00 2875   !   3       ch.qos.logback.core.util.CachingDateFormatter::format (51 bytes)
Event: 9.316 Thread 0x00007fef37964e00 nmethod 2875 0x0000000114cd3650 code [0x0000000114cd3820, 0x0000000114cd4078]
Event: 9.316 Thread 0x00007fef37964e00 2874       1       org.apache.cassandra.db.rows.BTreeRow::primaryKeyLivenessInfo (5 bytes)
Event: 9.316 Thread 0x00007fef37964e00 nmethod 2874 0x0000000114ccea50 code [0x0000000114cceba0, 0x0000000114ccecb0]
Event: 9.316 Thread 0x00007fef37964e00 2876       3       java.util.ArrayList::toArray (12 bytes)
Event: 9.316 Thread 0x00007fef37964e00 nmethod 2876 0x0000000114cd46d0 code [0x0000000114cd4840, 0x0000000114cd4ac8]
Event: 9.320 Thread 0x00007fef37964e00 2877       3       java.nio.Buffer::checkBounds (25 bytes)
Event: 9.320 Thread 0x00007fef37964e00 nmethod 2877 0x0000000114cd4bd0 code [0x0000000114cd4d40, 0x0000000114cd4f68]

GC Heap History (4 events):
Event: 6.096 GC heap before
{Heap before GC invocations=0 (full 0):
 par new generation   total 235968K, used 209792K [0x0000000780000000, 0x0000000790000000, 0x0000000790000000)
  eden space 209792K, 100% used [0x0000000780000000, 0x000000078cce0000, 0x000000078cce0000)
  from space 26176K,   0% used [0x000000078cce0000, 0x000000078cce0000, 0x000000078e670000)
  to   space 26176K,   0% used [0x000000078e670000, 0x000000078e670000, 0x0000000790000000)
 concurrent mark-sweep generation total 786432K, used 0K [0x0000000790000000, 0x00000007c0000000, 0x00000007c0000000)
 Metaspace       used 25775K, capacity 26191K, committed 26532K, reserved 1073152K
  class space    used 3061K, capacity 3194K, committed 3248K, reserved 1048576K
Event: 6.152 GC heap after
Heap after GC invocations=1 (full 0):
 par new generation   total 235968K, used 26176K [0x0000000780000000, 0x0000000790000000, 0x0000000790000000)
  eden space 209792K,   0% used [0x0000000780000000, 0x0000000780000000, 0x000000078cce0000)
  from space 26176K, 100% used [0x000000078e670000, 0x0000000790000000, 0x0000000790000000)
  to   space 26176K,   0% used [0x000000078cce0000, 0x000000078cce0000, 0x000000078e670000)
 concurrent mark-sweep generation total 786432K, used 878K [0x0000000790000000, 0x00000007c0000000, 0x00000007c0000000)
 Metaspace       used 25775K, capacity 26191K, committed 26532K, reserved 1073152K
  class space    used 3061K, capacity 3194K, committed 3248K, reserved 1048576K
}
Event: 7.275 GC heap before
{Heap before GC invocations=1 (full 1):
 par new generation   total 235968K, used 235968K [0x0000000780000000, 0x0000000790000000, 0x0000000790000000)
  eden space 209792K, 100% used [0x0000000780000000, 0x000000078cce0000, 0x000000078cce0000)
  from space 26176K, 100% used [0x000000078e670000, 0x0000000790000000, 0x0000000790000000)
  to   space 26176K,   0% used [0x000000078cce0000, 0x000000078cce0000, 0x000000078e670000)
 concurrent mark-sweep generation total 786432K, used 878K [0x0000000790000000, 0x00000007c0000000, 0x00000007c0000000)
 Metaspace       used 26868K, capacity 27365K, committed 27428K, reserved 1073152K
  class space    used 3195K, capacity 3371K, committed 3376K, reserved 1048576K
Event: 7.331 GC heap after
Heap after GC invocations=2 (full 1):
 par new generation   total 235968K, used 15387K [0x0000000780000000, 0x0000000790000000, 0x0000000790000000)
  eden space 209792K,   0% used [0x0000000780000000, 0x0000000780000000, 0x000000078cce0000)
  from space 26176K,  58% used [0x000000078cce0000, 0x000000078dbe6d00, 0x000000078e670000)
  to   space 26176K,   0% used [0x000000078e670000, 0x000000078e670000, 0x0000000790000000)
 concurrent mark-sweep generation total 786432K, used 7710K [0x0000000790000000, 0x00000007c0000000, 0x00000007c0000000)
 Metaspace       used 26868K, capacity 27365K, committed 27428K, reserved 1073152K
  class space    used 3195K, capacity 3371K, committed 3376K, reserved 1048576K
}

Deoptimization events (10 events):
Event: 8.251 Thread 0x00007fef3880d400 Uncommon trap: reason=unstable_if action=reinterpret pc=0x0000000114bc0114 method=java.nio.Buffer.<init>(IIII)V @ 66
Event: 8.287 Thread 0x00007fef37db9a00 Uncommon trap: reason=class_check action=maybe_recompile pc=0x0000000114a30ff8 method=java.util.Collections$SetFromMap.add(Ljava/lang/Object;)Z @ 8
Event: 8.353 Thread 0x00007fef37db9a00 Uncommon trap: reason=unstable_if action=reinterpret pc=0x0000000114a31a38 method=java.util.ArrayDeque.isEmpty()Z @ 8
Event: 8.736 Thread 0x00007fef37db9a00 Uncommon trap: reason=class_check action=maybe_recompile pc=0x0000000114a2e490 method=java.lang.reflect.Field.get(Ljava/lang/Object;)Ljava/lang/Object; @ 45
Event: 8.941 Thread 0x00007fef37db9a00 Uncommon trap: reason=class_check action=maybe_recompile pc=0x0000000114a30ff8 method=java.util.Collections$SetFromMap.add(Ljava/lang/Object;)Z @ 8
Event: 8.953 Thread 0x00007fef37db9a00 Uncommon trap: reason=class_check action=maybe_recompile pc=0x0000000114a30ff8 method=java.util.Collections$SetFromMap.add(Ljava/lang/Object;)Z @ 8
Event: 8.953 Thread 0x00007fef37db9a00 Uncommon trap: reason=class_check action=maybe_recompile pc=0x0000000114a30ff8 method=java.util.Collections$SetFromMap.add(Ljava/lang/Object;)Z @ 8
Event: 9.119 Thread 0x00007fef37db9a00 Uncommon trap: reason=unstable_if action=reinterpret pc=0x0000000114bc2964 method=com.sun.jmx.mbeanserver.Introspector.findMBeanInterface(Ljava/lang/Class;Ljava/lang/String;)Ljava/lang/Class; @ 22
Event: 9.119 Thread 0x00007fef37db9a00 Uncommon trap: reason=unstable_if action=reinterpret pc=0x0000000114bbd4c4 method=com.sun.jmx.mbeanserver.Introspector.findMBeanInterface(Ljava/lang/Class;Ljava/lang/String;)Ljava/lang/Class; @ 22
Event: 9.187 Thread 0x00007fef37dba000 Uncommon trap: reason=unstable_if action=reinterpret pc=0x00000001149ff4c4 method=java.lang.Long.compare(JJ)I @ 13

Classes redefined (0 events):
No events

Internal exceptions (10 events):
Event: 2.834 Thread 0x00007fef3880d400 Exception <a 'sun/nio/fs/UnixException'> (0x00000007836aab38) thrown at [/private/tmp/openjdk-8-20210120-57467-k4d014/jdk8u282-ga/hotspot/src/share/vm/prims/jni.cpp, line 711]
Event: 2.835 Thread 0x00007fef3880d400 Exception <a 'sun/nio/fs/UnixException'> (0x00000007836abd20) thrown at [/private/tmp/openjdk-8-20210120-57467-k4d014/jdk8u282-ga/hotspot/src/share/vm/prims/jni.cpp, line 711]
Event: 3.751 Thread 0x00007fef3880d400 Exception <a 'java/lang/ClassNotFoundException': javax/management/remote/rmi/RMIServerImpl_Skel> (0x0000000784f16258) thrown at [/private/tmp/openjdk-8-20210120-57467-k4d014/jdk8u282-ga/hotspot/src/share/vm/classfile/systemDictionary.cpp, line 217]
Event: 4.014 Thread 0x00007fef3880d400 Exception <a 'com/sun/jna/LastErrorException': [78] Function not implemented> (0x0000000786268880) thrown at [/private/tmp/openjdk-8-20210120-57467-k4d014/jdk8u282-ga/hotspot/src/share/vm/prims/jni.cpp, line 738]
Event: 4.078 Thread 0x00007fef3880d400 Exception <a 'java/lang/UnsatisfiedLinkError': org.hyperic.sigar.Sigar.open()V> (0x000000078635c7b0) thrown at [/private/tmp/openjdk-8-20210120-57467-k4d014/jdk8u282-ga/hotspot/src/share/vm/prims/nativeLookup.cpp, line 506]
Event: 4.082 Thread 0x00007fef3880d400 Exception <a 'java/lang/UnsatisfiedLinkError': org.hyperic.sigar.Sigar.getFileSystemListNative()[Lorg/hyperic/sigar/FileSystem;> (0x0000000786364840) thrown at [/private/tmp/openjdk-8-20210120-57467-k4d014/jdk8u282-ga/hotspot/src/share/vm/prims/nativeLook
Event: 4.840 Thread 0x00007fef3880d400 Exception <a 'java/lang/NoSuchMethodError': java.lang.Object.lambda$static$0(Ljava/lang/Object;Ljava/lang/Object;)Ljava/lang/Object;> (0x00000007877e4540) thrown at [/private/tmp/openjdk-8-20210120-57467-k4d014/jdk8u282-ga/hotspot/src/share/vm/interpreter
Event: 5.221 Thread 0x00007fef3880d400 Exception <a 'java/lang/NoSuchMethodError': java.lang.Object.lambda$isEqual$3(Ljava/lang/Object;Ljava/lang/Object;)Z> (0x000000078856d650) thrown at [/private/tmp/openjdk-8-20210120-57467-k4d014/jdk8u282-ga/hotspot/src/share/vm/interpreter/linkResolver.cp
Event: 6.905 Thread 0x00007fef3880d400 Implicit null exception at 0x0000000114a276d4 to 0x0000000114a27711
Event: 7.720 Thread 0x00007fef3880d400 Exception <a 'java/lang/NoSuchMethodError': java.lang.Object.lambda$static$0(JI)Z> (0x0000000781c5ddf8) thrown at [/private/tmp/openjdk-8-20210120-57467-k4d014/jdk8u282-ga/hotspot/src/share/vm/interpreter/linkResolver.cpp, line 620]

Events (10 events):
Event: 9.304 loading class org/apache/cassandra/utils/memory/BufferPool$LocalPoolRef
Event: 9.304 loading class org/apache/cassandra/utils/memory/BufferPool$LocalPoolRef done
Event: 9.308 loading class com/clearspring/analytics/stream/cardinality/HyperLogLogPlus$Builder
Event: 9.308 loading class com/clearspring/analytics/stream/cardinality/HyperLogLogPlus$Builder done
Event: 9.309 loading class com/clearspring/analytics/util/IBuilder
Event: 9.309 loading class com/clearspring/analytics/util/IBuilder done
Event: 9.315 loading class org/apache/cassandra/io/sstable/SSTableRewriter
Event: 9.315 loading class org/apache/cassandra/io/sstable/SSTableRewriter done
Event: 9.318 loading class org/apache/cassandra/io/sstable/format/big/BigTableScanner$KeyScanningIterator
Event: 9.318 loading class org/apache/cassandra/io/sstable/format/big/BigTableScanner$KeyScanningIterator done


Dynamic libraries:
0x00007fff36c2a000 	/System/Library/Frameworks/Cocoa.framework/Versions/A/Cocoa
0x00007fff44423000 	/System/Library/Frameworks/Security.framework/Versions/A/Security
0x00007fff35b8f000 	/System/Library/Frameworks/ApplicationServices.framework/Versions/A/ApplicationServices
0x00007fff710e0000 	/usr/lib/libz.1.dylib
0x00007fff6eba4000 	/usr/lib/libSystem.B.dylib
0x00007fff37acc000 	/System/Library/Frameworks/CoreFoundation.framework/Versions/A/CoreFoundation
0x00007fff3a189000 	/System/Library/Frameworks/Foundation.framework/Versions/C/Foundation
0x00007fff70a04000 	/usr/lib/libobjc.A.dylib
0x00007fff34d7f000 	/System/Library/Frameworks/AppKit.framework/Versions/C/AppKit
0x00007fff375ae000 	/System/Library/Frameworks/CoreData.framework/Versions/A/CoreData
0x00007fff68bb9000 	/System/Library/PrivateFrameworks/UIFoundation.framework/Versions/A/UIFoundation
0x00007fff63c4d000 	/System/Library/PrivateFrameworks/RemoteViewServices.framework/Versions/A/RemoteViewServices
0x00007fff6b714000 	/System/Library/PrivateFrameworks/XCTTargetBootstrap.framework/Versions/A/XCTTargetBootstrap
0x00007fff37999000 	/System/Library/Frameworks/CoreDisplay.framework/Versions/A/CoreDisplay
0x00007fff3d044000 	/System/Library/Frameworks/Metal.framework/Versions/A/Metal
0x00007fff51c3a000 	/System/Library/PrivateFrameworks/DesktopServicesPriv.framework/Versions/A/DesktopServicesPriv
0x00007fff6fcdf000 	/usr/lib/liblangid.dylib
0x00007fff50ecf000 	/System/Library/PrivateFrameworks/CoreSVG.framework/Versions/A/CoreSVG
0x00007fff66da9000 	/System/Library/PrivateFrameworks/SkyLight.framework/Versions/A/SkyLight
0x00007fff37f4d000 	/System/Library/Frameworks/CoreGraphics.framework/Versions/A/CoreGraphics
0x00007fff33753000 	/System/Library/Frameworks/Accelerate.framework/Versions/A/Accelerate
0x00007fff70fd1000 	/usr/lib/libxml2.2.dylib
0x00007fff5cbd8000 	/System/Library/PrivateFrameworks/IconServices.framework/Versions/A/IconServices
0x00007fff3a968000 	/System/Library/Frameworks/IOSurface.framework/Versions/A/IOSurface
0x00007fff6e6ce000 	/usr/lib/libDiagnosticMessagesClient.dylib
0x00007fff51a94000 	/System/Library/PrivateFrameworks/DFRFoundation.framework/Versions/A/DFRFoundation
0x00007fff6fa6e000 	/usr/lib/libicucore.A.dylib
0x00007fff35ec1000 	/System/Library/Frameworks/AudioToolbox.framework/Versions/A/AudioToolbox
0x00007fff35fa4000 	/System/Library/Frameworks/AudioUnit.framework/Versions/A/AudioUnit
0x00007fff6eda6000 	/usr/lib/libauto.dylib
0x00007fff51b36000 	/System/Library/PrivateFrameworks/DataDetectorsCore.framework/Versions/A/DataDetectorsCore
0x00007fff3674b000 	/System/Library/Frameworks/Carbon.framework/Versions/A/Frameworks/HIToolbox.framework/Versions/A/HIToolbox
0x00007fff4361d000 	/System/Library/Frameworks/QuartzCore.framework/Versions/A/QuartzCore
0x00007fff36a8a000 	/System/Library/Frameworks/Carbon.framework/Versions/A/Frameworks/SpeechRecognition.framework/Versions/A/SpeechRecognition
0x00007fff515a8000 	/System/Library/PrivateFrameworks/CoreUI.framework/Versions/A/CoreUI
0x00007fff37019000 	/System/Library/Frameworks/CoreAudio.framework/Versions/A/CoreAudio
0x00007fff39e48000 	/System/Library/Frameworks/DiskArbitration.framework/Versions/A/DiskArbitration
0x00007fff5ec28000 	/System/Library/PrivateFrameworks/MultitouchSupport.framework/Versions/A/MultitouchSupport
0x00007fff6f935000 	/usr/lib/libenergytrace.dylib
0x00007fff3a8c2000 	/System/Library/Frameworks/IOKit.framework/Versions/A/IOKit
0x00007fff38eb4000 	/System/Library/Frameworks/CoreServices.framework/Versions/A/CoreServices
0x00007fff60de0000 	/System/Library/PrivateFrameworks/PerformanceAnalysis.framework/Versions/A/PerformanceAnalysis
0x00007fff42650000 	/System/Library/Frameworks/OpenGL.framework/Versions/A/OpenGL
0x00007fff36c38000 	/System/Library/Frameworks/ColorSync.framework/Versions/A/ColorSync
0x00007fff385d0000 	/System/Library/Frameworks/CoreImage.framework/Versions/A/CoreImage
0x00007fff39927000 	/System/Library/Frameworks/CoreText.framework/Versions/A/CoreText
0x00007fff3a9f8000 	/System/Library/Frameworks/ImageIO.framework/Versions/A/ImageIO
0x00007fff6ee8a000 	/usr/lib/libc++.1.dylib
0x00007fff6ef06000 	/usr/lib/libcompression.dylib
0x00007fff6ea12000 	/usr/lib/libMobileGestalt.dylib
0x00007fff68923000 	/System/Library/PrivateFrameworks/TextureIO.framework/Versions/A/TextureIO
0x00007fff6ed09000 	/usr/lib/libate.dylib
0x00007fff5cde1000 	/System/Library/PrivateFrameworks/InternationalSupport.framework/Versions/A/InternationalSupport
0x00007fff719a1000 	/usr/lib/system/libcache.dylib
0x00007fff719a7000 	/usr/lib/system/libcommonCrypto.dylib
0x00007fff719b3000 	/usr/lib/system/libcompiler_rt.dylib
0x00007fff719bb000 	/usr/lib/system/libcopyfile.dylib
0x00007fff719c5000 	/usr/lib/system/libcorecrypto.dylib
0x00007fff71b64000 	/usr/lib/system/libdispatch.dylib
0x00007fff71ba5000 	/usr/lib/system/libdyld.dylib
0x00007fff71bdc000 	/usr/lib/system/libkeymgr.dylib
0x00007fff71bea000 	/usr/lib/system/liblaunch.dylib
0x00007fff71beb000 	/usr/lib/system/libmacho.dylib
0x00007fff71bf1000 	/usr/lib/system/libquarantine.dylib
0x00007fff71bf4000 	/usr/lib/system/libremovefile.dylib
0x00007fff71bf6000 	/usr/lib/system/libsystem_asl.dylib
0x00007fff71c0e000 	/usr/lib/system/libsystem_blocks.dylib
0x00007fff71c0f000 	/usr/lib/system/libsystem_c.dylib
0x00007fff71c97000 	/usr/lib/system/libsystem_configuration.dylib
0x00007fff71c9b000 	/usr/lib/system/libsystem_coreservices.dylib
0x00007fff71c9f000 	/usr/lib/system/libsystem_darwin.dylib
0x00007fff71ca8000 	/usr/lib/system/libsystem_dnssd.dylib
0x00007fff71cb0000 	/usr/lib/system/libsystem_featureflags.dylib
0x00007fff71cb2000 	/usr/lib/system/libsystem_info.dylib
0x00007fff71d2d000 	/usr/lib/system/libsystem_m.dylib
0x00007fff71d75000 	/usr/lib/system/libsystem_malloc.dylib
0x00007fff71d9d000 	/usr/lib/system/libsystem_networkextension.dylib
0x00007fff71dab000 	/usr/lib/system/libsystem_notify.dylib
0x00007fff71dc9000 	/usr/lib/system/libsystem_sandbox.dylib
0x00007fff71dce000 	/usr/lib/system/libsystem_secinit.dylib
0x00007fff71d00000 	/usr/lib/system/libsystem_kernel.dylib
0x00007fff71db5000 	/usr/lib/system/libsystem_platform.dylib
0x00007fff71dbe000 	/usr/lib/system/libsystem_pthread.dylib
0x00007fff71dd1000 	/usr/lib/system/libsystem_symptoms.dylib
0x00007fff71dd9000 	/usr/lib/system/libsystem_trace.dylib
0x00007fff71df1000 	/usr/lib/system/libunwind.dylib
0x00007fff71df7000 	/usr/lib/system/libxpc.dylib
0x00007fff6eedd000 	/usr/lib/libc++abi.dylib
0x00007fff6fce1000 	/usr/lib/liblzma.5.dylib
0x00007fff6f95c000 	/usr/lib/libfakelink.dylib
0x00007fff6ec96000 	/usr/lib/libarchive.2.dylib
0x00007fff454d4000 	/System/Library/Frameworks/SystemConfiguration.framework/Versions/A/SystemConfiguration
0x00007fff6e601000 	/usr/lib/libCRFSuite.dylib
0x00007fff3633b000 	/System/Library/Frameworks/CFNetwork.framework/Versions/A/CFNetwork
0x00007fff6ee6c000 	/usr/lib/libbsm.0.dylib
0x00007fff71bdd000 	/usr/lib/system/libkxld.dylib
0x00007fff4b411000 	/System/Library/PrivateFrameworks/AppleFSCompression.framework/Versions/A/AppleFSCompression
0x00007fff6f1f7000 	/usr/lib/libcoretls.dylib
0x00007fff6f20e000 	/usr/lib/libcoretls_cfhelpers.dylib
0x00007fff70a4a000 	/usr/lib/libpam.2.dylib
0x00007fff70b7f000 	/usr/lib/libsqlite3.dylib
0x00007fff70fbe000 	/usr/lib/libxar.1.dylib
0x00007fff6ee7d000 	/usr/lib/libbz2.1.0.dylib
0x00007fff6f97d000 	/usr/lib/libiconv.2.dylib
0x00007fff6eef3000 	/usr/lib/libcharset.1.dylib
0x00007fff704e7000 	/usr/lib/libnetwork.dylib
0x00007fff70a51000 	/usr/lib/libpcap.A.dylib
0x00007fff6ec4b000 	/usr/lib/libapple_nghttp2.dylib
0x00007fff3926b000 	/System/Library/Frameworks/CoreServices.framework/Versions/A/Frameworks/FSEvents.framework/Versions/A/FSEvents
0x00007fff38f3b000 	/System/Library/Frameworks/CoreServices.framework/Versions/A/Frameworks/CarbonCore.framework/Versions/A/CarbonCore
0x00007fff394af000 	/System/Library/Frameworks/CoreServices.framework/Versions/A/Frameworks/Metadata.framework/Versions/A/Metadata
0x00007fff39548000 	/System/Library/Frameworks/CoreServices.framework/Versions/A/Frameworks/OSServices.framework/Versions/A/OSServices
0x00007fff39576000 	/System/Library/Frameworks/CoreServices.framework/Versions/A/Frameworks/SearchKit.framework/Versions/A/SearchKit
0x00007fff38eb5000 	/System/Library/Frameworks/CoreServices.framework/Versions/A/Frameworks/AE.framework/Versions/A/AE
0x00007fff39274000 	/System/Library/Frameworks/CoreServices.framework/Versions/A/Frameworks/LaunchServices.framework/Versions/A/LaunchServices
0x00007fff3921d000 	/System/Library/Frameworks/CoreServices.framework/Versions/A/Frameworks/DictionaryServices.framework/Versions/A/DictionaryServices
0x00007fff395de000 	/System/Library/Frameworks/CoreServices.framework/Versions/A/Frameworks/SharedFileList.framework/Versions/A/SharedFileList
0x00007fff3e46f000 	/System/Library/Frameworks/NetFS.framework/Versions/A/NetFS
0x00007fff5f158000 	/System/Library/PrivateFrameworks/NetAuth.framework/Versions/A/NetAuth
0x00007fff6bae1000 	/System/Library/PrivateFrameworks/login.framework/Versions/A/Frameworks/loginsupport.framework/Versions/A/loginsupport
0x00007fff683ee000 	/System/Library/PrivateFrameworks/TCC.framework/Versions/A/TCC
0x00007fff50042000 	/System/Library/PrivateFrameworks/CoreNLP.framework/Versions/A/CoreNLP
0x00007fff5e655000 	/System/Library/PrivateFrameworks/MetadataUtilities.framework/Versions/A/MetadataUtilities
0x00007fff6fdb9000 	/usr/lib/libmecabra.dylib
0x00007fff6fd11000 	/usr/lib/libmecab.dylib
0x00007fff6f96d000 	/usr/lib/libgermantok.dylib
0x00007fff6ec32000 	/usr/lib/libThaiTokenizer.dylib
0x00007fff6e638000 	/usr/lib/libChineseTokenizer.dylib
0x00007fff3376b000 	/System/Library/Frameworks/Accelerate.framework/Versions/A/Frameworks/vImage.framework/Versions/A/vImage
0x00007fff34bd5000 	/System/Library/Frameworks/Accelerate.framework/Versions/A/Frameworks/vecLib.framework/Versions/A/vecLib
0x00007fff34b12000 	/System/Library/Frameworks/Accelerate.framework/Versions/A/Frameworks/vecLib.framework/Versions/A/libvMisc.dylib
0x00007fff3493a000 	/System/Library/Frameworks/Accelerate.framework/Versions/A/Frameworks/vecLib.framework/Versions/A/libvDSP.dylib
0x00007fff33dc2000 	/System/Library/Frameworks/Accelerate.framework/Versions/A/Frameworks/vecLib.framework/Versions/A/libBLAS.dylib
0x00007fff344fe000 	/System/Library/Frameworks/Accelerate.framework/Versions/A/Frameworks/vecLib.framework/Versions/A/libLAPACK.dylib
0x00007fff3489a000 	/System/Library/Frameworks/Accelerate.framework/Versions/A/Frameworks/vecLib.framework/Versions/A/libLinearAlgebra.dylib
0x00007fff34927000 	/System/Library/Frameworks/Accelerate.framework/Versions/A/Frameworks/vecLib.framework/Versions/A/libSparseBLAS.dylib
0x00007fff348b0000 	/System/Library/Frameworks/Accelerate.framework/Versions/A/Frameworks/vecLib.framework/Versions/A/libQuadrature.dylib
0x00007fff3402a000 	/System/Library/Frameworks/Accelerate.framework/Versions/A/Frameworks/vecLib.framework/Versions/A/libBNNS.dylib
0x00007fff348b6000 	/System/Library/Frameworks/Accelerate.framework/Versions/A/Frameworks/vecLib.framework/Versions/A/libSparse.dylib
0x00007fff5d1c9000 	/System/Library/PrivateFrameworks/LanguageModeling.framework/Versions/A/LanguageModeling
0x00007fff4f9f2000 	/System/Library/PrivateFrameworks/CoreEmoji.framework/Versions/A/CoreEmoji
0x00007fff5d2e7000 	/System/Library/PrivateFrameworks/LinguisticData.framework/Versions/A/LinguisticData
0x00007fff5d298000 	/System/Library/PrivateFrameworks/Lexicon.framework/Versions/A/Lexicon
0x00007fff6eef4000 	/usr/lib/libcmph.dylib
0x00007fff4105e000 	/System/Library/Frameworks/OpenDirectory.framework/Versions/A/Frameworks/CFOpenDirectory.framework/Versions/A/CFOpenDirectory
0x00007fff4107b000 	/System/Library/Frameworks/OpenDirectory.framework/Versions/A/OpenDirectory
0x00007fff494be000 	/System/Library/PrivateFrameworks/APFS.framework/Versions/A/APFS
0x00007fff4476d000 	/System/Library/Frameworks/SecurityFoundation.framework/Versions/A/SecurityFoundation
0x00007fff70fba000 	/usr/lib/libutil.dylib
0x00007fff50f27000 	/System/Library/PrivateFrameworks/CoreServicesStore.framework/Versions/A/CoreServicesStore
0x00007fff44824000 	/System/Library/Frameworks/ServiceManagement.framework/Versions/A/ServiceManagement
0x00007fff4cbe1000 	/System/Library/PrivateFrameworks/BackgroundTaskManagement.framework/Versions/A/BackgroundTaskManagement
0x00007fff710b7000 	/usr/lib/libxslt.1.dylib
0x00007fff4ba84000 	/System/Library/PrivateFrameworks/AppleSystemInfo.framework/Versions/A/AppleSystemInfo
0x00007fff3ac13000 	/System/Library/Frameworks/ImageIO.framework/Versions/A/Resources/libJPEG.dylib
0x00007fff3aed2000 	/System/Library/Frameworks/ImageIO.framework/Versions/A/Resources/libTIFF.dylib
0x00007fff3aeb5000 	/System/Library/Frameworks/ImageIO.framework/Versions/A/Resources/libPng.dylib
0x00007fff3ab55000 	/System/Library/Frameworks/ImageIO.framework/Versions/A/Resources/libGIF.dylib
0x00007fff3ab59000 	/System/Library/Frameworks/ImageIO.framework/Versions/A/Resources/libJP2.dylib
0x00007fff3aed0000 	/System/Library/Frameworks/ImageIO.framework/Versions/A/Resources/libRadiance.dylib
0x00007fff6f936000 	/usr/lib/libexpat.1.dylib
0x00007fff4b56c000 	/System/Library/PrivateFrameworks/AppleJPEG.framework/Versions/A/AppleJPEG
0x00007fff5423d000 	/System/Library/PrivateFrameworks/FontServices.framework/libFontParser.dylib
0x00007fff6aae3000 	/System/Library/PrivateFrameworks/WatchdogClient.framework/Versions/A/WatchdogClient
0x00007fff5c824000 	/System/Library/PrivateFrameworks/IOAccelerator.framework/Versions/A/IOAccelerator
0x00007fff3d3df000 	/System/Library/Frameworks/MetalPerformanceShaders.framework/Versions/A/MetalPerformanceShaders
0x00007fff58fba000 	/System/Library/PrivateFrameworks/GPUWrangler.framework/Versions/A/GPUWrangler
0x00007fff5c839000 	/System/Library/PrivateFrameworks/IOPresentment.framework/Versions/A/IOPresentment
0x00007fff51aa7000 	/System/Library/PrivateFrameworks/DSExternalDisplay.framework/Versions/A/DSExternalDisplay
0x00007fff419ef000 	/System/Library/Frameworks/OpenGL.framework/Versions/A/Libraries/libCoreFSCache.dylib
0x00007fff3d12b000 	/System/Library/Frameworks/MetalPerformanceShaders.framework/Frameworks/MPSCore.framework/Versions/A/MPSCore
0x00007fff3d169000 	/System/Library/Frameworks/MetalPerformanceShaders.framework/Frameworks/MPSImage.framework/Versions/A/MPSImage
0x00007fff3d230000 	/System/Library/Frameworks/MetalPerformanceShaders.framework/Frameworks/MPSNeuralNetwork.framework/Versions/A/MPSNeuralNetwork
0x00007fff3d1f4000 	/System/Library/Frameworks/MetalPerformanceShaders.framework/Frameworks/MPSMatrix.framework/Versions/A/MPSMatrix
0x00007fff3d38f000 	/System/Library/Frameworks/MetalPerformanceShaders.framework/Frameworks/MPSRayIntersector.framework/Versions/A/MPSRayIntersector
0x00007fff3d21a000 	/System/Library/Frameworks/MetalPerformanceShaders.framework/Frameworks/MPSNDArray.framework/Versions/A/MPSNDArray
0x00007fff5e6a2000 	/System/Library/PrivateFrameworks/MetalTools.framework/Versions/A/MetalTools
0x00007fff4a698000 	/System/Library/PrivateFrameworks/AggregateDictionary.framework/Versions/A/AggregateDictionary
0x00007fff4f43a000 	/System/Library/PrivateFrameworks/CoreAnalytics.framework/Versions/A/CoreAnalytics
0x00007fff4b9a3000 	/System/Library/PrivateFrameworks/AppleSauce.framework/Versions/A/AppleSauce
0x00007fff6e8f4000 	/usr/lib/libIOReport.dylib
0x00007fff39adf000 	/System/Library/Frameworks/CoreVideo.framework/Versions/A/CoreVideo
0x00007fff5a433000 	/System/Library/PrivateFrameworks/GraphVisualizer.framework/Versions/A/GraphVisualizer
0x00007fff53783000 	/System/Library/PrivateFrameworks/FaceCore.framework/Versions/A/FaceCore
0x00007fff41005000 	/System/Library/Frameworks/OpenCL.framework/Versions/A/OpenCL
0x00007fff6e716000 	/usr/lib/libFosl_dynamic.dylib
0x00007fff5fb78000 	/System/Library/PrivateFrameworks/OTSVG.framework/Versions/A/OTSVG
0x00007fff35c94000 	/System/Library/Frameworks/ApplicationServices.framework/Versions/A/Frameworks/ATS.framework/Versions/A/Resources/libFontRegistry.dylib
0x00007fff5440e000 	/System/Library/PrivateFrameworks/FontServices.framework/libhvf.dylib
0x00007fff419fa000 	/System/Library/Frameworks/OpenGL.framework/Versions/A/Libraries/libGFXShared.dylib
0x00007fff41bd8000 	/System/Library/Frameworks/OpenGL.framework/Versions/A/Libraries/libGLU.dylib
0x00007fff41a03000 	/System/Library/Frameworks/OpenGL.framework/Versions/A/Libraries/libGL.dylib
0x00007fff41a0e000 	/System/Library/Frameworks/OpenGL.framework/Versions/A/Libraries/libGLImage.dylib
0x00007fff419ec000 	/System/Library/Frameworks/OpenGL.framework/Versions/A/Libraries/libCVMSPluginSupport.dylib
0x00007fff419f5000 	/System/Library/Frameworks/OpenGL.framework/Versions/A/Libraries/libCoreVMClient.dylib
0x00007fff70388000 	/usr/lib/libncurses.5.4.dylib
0x00007fff35b90000 	/System/Library/Frameworks/ApplicationServices.framework/Versions/A/Frameworks/ATS.framework/Versions/A/ATS
0x00007fff35d5d000 	/System/Library/Frameworks/ApplicationServices.framework/Versions/A/Frameworks/ColorSyncLegacy.framework/Versions/A/ColorSyncLegacy
0x00007fff35dfb000 	/System/Library/Frameworks/ApplicationServices.framework/Versions/A/Frameworks/HIServices.framework/Versions/A/HIServices
0x00007fff35e53000 	/System/Library/Frameworks/ApplicationServices.framework/Versions/A/Frameworks/LangAnalysis.framework/Versions/A/LangAnalysis
0x00007fff35e62000 	/System/Library/Frameworks/ApplicationServices.framework/Versions/A/Frameworks/PrintCore.framework/Versions/A/PrintCore
0x00007fff35ea8000 	/System/Library/Frameworks/ApplicationServices.framework/Versions/A/Frameworks/QD.framework/Versions/A/QD
0x00007fff35eb3000 	/System/Library/Frameworks/ApplicationServices.framework/Versions/A/Frameworks/SpeechSynthesis.framework/Versions/A/SpeechSynthesis
0x00007fff35d2d000 	/System/Library/Frameworks/ApplicationServices.framework/Versions/A/Frameworks/ATSUI.framework/Versions/A/ATSUI
0x00007fff6f7cc000 	/usr/lib/libcups.2.dylib
0x00007fff3c47a000 	/System/Library/Frameworks/Kerberos.framework/Versions/A/Kerberos
0x00007fff3a5bb000 	/System/Library/Frameworks/GSS.framework/Versions/A/GSS
0x00007fff70b0b000 	/usr/lib/libresolv.9.dylib
0x00007fff5a5e0000 	/System/Library/PrivateFrameworks/Heimdal.framework/Versions/A/Heimdal
0x00007fff3c48d000 	/System/Library/Frameworks/Kerberos.framework/Versions/A/Libraries/libHeimdalProxy.dylib
0x00007fff6f973000 	/usr/lib/libheimdal-asn1.dylib
0x00007fff4e8d2000 	/System/Library/PrivateFrameworks/CommonAuth.framework/Versions/A/CommonAuth
0x00007fff4bb21000 	/System/Library/PrivateFrameworks/AssertionServices.framework/Versions/A/AssertionServices
0x00007fff4c6c4000 	/System/Library/PrivateFrameworks/AudioToolboxCore.framework/Versions/A/AudioToolboxCore
0x00007fff6b791000 	/System/Library/PrivateFrameworks/caulk.framework/Versions/A/caulk
0x00007fff4cc8d000 	/System/Library/PrivateFrameworks/BaseBoard.framework/Versions/A/BaseBoard
0x00007fff63ddb000 	/System/Library/PrivateFrameworks/RunningBoardServices.framework/Versions/A/RunningBoardServices
0x00007fff60dec000 	/System/Library/PrivateFrameworks/PersistentConnection.framework/Versions/A/PersistentConnection
0x00007fff637d4000 	/System/Library/PrivateFrameworks/ProtocolBuffer.framework/Versions/A/ProtocolBuffer
0x00007fff4e8f6000 	/System/Library/PrivateFrameworks/CommonUtilities.framework/Versions/A/CommonUtilities
0x00007fff4ce1b000 	/System/Library/PrivateFrameworks/Bom.framework/Versions/A/Bom
0x00007fff6e5c7000 	/usr/lib/libAudioToolboxUtility.dylib
0x00007fff4cbeb000 	/System/Library/PrivateFrameworks/Backup.framework/Versions/A/Backup
0x00007fff519c8000 	/System/Library/PrivateFrameworks/CrashReporterSupport.framework/Versions/A/CrashReporterSupport
0x00007fff6586d000 	/System/Library/PrivateFrameworks/Sharing.framework/Versions/A/Sharing
0x00007fff4b12f000 	/System/Library/PrivateFrameworks/Apple80211.framework/Versions/A/Apple80211
0x00007fff4c908000 	/System/Library/PrivateFrameworks/AuthKit.framework/Versions/A/AuthKit
0x00007fff516d5000 	/System/Library/PrivateFrameworks/CoreUtils.framework/Versions/A/CoreUtils
0x00007fff39b24000 	/System/Library/Frameworks/CoreWLAN.framework/Versions/A/CoreWLAN
0x00007fff3a748000 	/System/Library/Frameworks/IOBluetooth.framework/Versions/A/IOBluetooth
0x00007fff5e9a7000 	/System/Library/PrivateFrameworks/MobileKeyBag.framework/Versions/A/MobileKeyBag
0x00007fff504da000 	/System/Library/PrivateFrameworks/CorePhoneNumbers.framework/Versions/A/CorePhoneNumbers
0x00007fff4b51f000 	/System/Library/PrivateFrameworks/AppleIDAuthSupport.framework/Versions/A/AppleIDAuthSupport
0x00007fff3e47c000 	/System/Library/Frameworks/Network.framework/Versions/A/Network
0x00007fff5d075000 	/System/Library/PrivateFrameworks/KeychainCircle.framework/Versions/A/KeychainCircle
0x00007fff37575000 	/System/Library/Frameworks/CoreBluetooth.framework/Versions/A/CoreBluetooth
0x00007fff678ec000 	/System/Library/PrivateFrameworks/SpeechRecognitionCore.framework/Versions/A/SpeechRecognitionCore
0x0000000105e00000 	/usr/local/Cellar/openjdk@8/1.8.0+282/libexec/openjdk.jdk/Contents/Home/jre/lib/server/libjvm.dylib
0x00000001054b4000 	/usr/local/Cellar/openjdk@8/1.8.0+282/libexec/openjdk.jdk/Contents/Home/jre/lib/libverify.dylib
0x00000001054c8000 	/usr/local/Cellar/openjdk@8/1.8.0+282/libexec/openjdk.jdk/Contents/Home/jre/lib/libjava.dylib
0x00000001054f9000 	/usr/local/Cellar/openjdk@8/1.8.0+282/libexec/openjdk.jdk/Contents/Home/jre/lib/libinstrument.dylib
0x0000000105525000 	/usr/local/Cellar/openjdk@8/1.8.0+282/libexec/openjdk.jdk/Contents/Home/jre/lib/libzip.dylib
0x000000010c102000 	/usr/local/Cellar/openjdk@8/1.8.0+282/libexec/openjdk.jdk/Contents/Home/jre/lib/libnio.dylib
0x000000010c11a000 	/usr/local/Cellar/openjdk@8/1.8.0+282/libexec/openjdk.jdk/Contents/Home/jre/lib/libnet.dylib
0x000000010c1c9000 	/usr/local/Cellar/openjdk@8/1.8.0+282/libexec/openjdk.jdk/Contents/Home/jre/lib/libmanagement.dylib
0x000000010c3ed000 	/usr/local/Cellar/openjdk@8/1.8.0+282/libexec/openjdk.jdk/Contents/Home/jre/lib/libsunec.dylib
0x000000010ca1b000 	/private/var/folders/71/lsl6k_c97hv9lr8xsxwhpby40000gn/T/liblz4-java4679324589219191050.dylib
0x000000010cc27000 	/private/var/folders/71/lsl6k_c97hv9lr8xsxwhpby40000gn/T/jna-1336164986/jna1214200162789230692.tmp
0x00007fff3c475000 	/System/Library/Frameworks/JavaVM.framework/Versions/A/JavaVM
0x00007fff5ce8c000 	/System/Library/PrivateFrameworks/JavaLaunching.framework/Versions/A/JavaLaunching

VM Arguments:
jvm_args: -Xloggc:/usr/local/Cellar/cassandra/3.11.9_1/libexec/logs/gc.log -ea -XX:+UseThreadPriorities -XX:ThreadPriorityPolicy=42 -XX:+HeapDumpOnOutOfMemoryError -Xss256k -XX:StringTableSize=1000003 -XX:+AlwaysPreTouch -XX:-UseBiasedLocking -XX:+UseTLAB -XX:+ResizeTLAB -XX:+UseNUMA -XX:+PerfDisableSharedMem -Djava.net.preferIPv4Stack=true -XX:+UseParNewGC -XX:+UseConcMarkSweepGC -XX:+CMSParallelRemarkEnabled -XX:SurvivorRatio=8 -XX:MaxTenuringThreshold=1 -XX:CMSInitiatingOccupancyFraction=75 -XX:+UseCMSInitiatingOccupancyOnly -XX:CMSWaitDuration=10000 -XX:+CMSParallelInitialMarkEnabled -XX:+CMSEdenChunksRecordAlways -XX:+CMSClassUnloadingEnabled -XX:+PrintGCDetails -XX:+PrintGCDateStamps -XX:+PrintHeapAtGC -XX:+PrintTenuringDistribution -XX:+PrintGCApplicationStoppedTime -XX:+PrintPromotionFailure -XX:+UseGCLogFileRotation -XX:NumberOfGCLogFiles=10 -XX:GCLogFileSize=10M -Xms1024M -Xmx1024M -Xmn256M -XX:+UseCondCardMark -XX:CompileCommandFile=/usr/local/etc/cassandra/hotspot_compiler -javaagent:/usr/local/Cellar/cassandra/3.11.9_1/libexec/jamm-0.3.0.jar -Dcassandra.jmx.local.port=7199 -Dcom.sun.management.jmxremote.authenticate=false -Dcom.sun.management.jmxremote.password.file=/etc/cassandra/jmxremote.password -Djava.library.path=/usr/local/Cellar/cassandra/3.11.9_1/libexec/sigar-bin -XX:OnOutOfMemoryError=kill -9 %p -Dlogback.configurationFile=logback.xml -Dcassandra.logdir=/usr/local/var/log/cassandra -Dcassandra.storagedir=/usr/local/var/lib/cassandra -Dcassandra-foreground=yes 
java_command: org.apache.cassandra.service.CassandraDaemon
java_class_path (initial): /usr/local/etc/cassandra:/usr/local/Cellar/cassandra/3.11.9_1/libexec/build/classes/main:/usr/local/Cellar/cassandra/3.11.9_1/libexec/build/classes/thrift:/usr/local/Cellar/cassandra/3.11.9_1/libexec/HdrHistogram-2.1.9.jar:/usr/local/Cellar/cassandra/3.11.9_1/libexec/ST4-4.0.8.jar:/usr/local/Cellar/cassandra/3.11.9_1/libexec/airline-0.6.jar:/usr/local/Cellar/cassandra/3.11.9_1/libexec/antlr-runtime-3.5.2.jar:/usr/local/Cellar/cassandra/3.11.9_1/libexec/apache-cassandra-3.11.9.jar:/usr/local/Cellar/cassandra/3.11.9_1/libexec/apache-cassandra-thrift-3.11.9.jar:/usr/local/Cellar/cassandra/3.11.9_1/libexec/asm-5.0.4.jar:/usr/local/Cellar/cassandra/3.11.9_1/libexec/caffeine-2.2.6.jar:/usr/local/Cellar/cassandra/3.11.9_1/libexec/cassandra-driver-core-3.0.1-shaded.jar:/usr/local/Cellar/cassandra/3.11.9_1/libexec/commons-cli-1.1.jar:/usr/local/Cellar/cassandra/3.11.9_1/libexec/commons-codec-1.9.jar:/usr/local/Cellar/cassandra/3.11.9_1/libexec/commons-lang3-3.1.jar:/usr/local/Cellar/cassandra/3.11.9_1/libexec/commons-math3-3.2.jar:/usr/local/Cellar/cassandra/3.11.9_1/libexec/compress-lzf-0.8.4.jar:/usr/local/Cellar/cassandra/3.11.9_1/libexec/concurrent-trees-2.4.0.jar:/usr/local/Cellar/cassandra/3.11.9_1/libexec/concurrentlinkedhashmap-lru-1.4.jar:/usr/local/Cellar/cassandra/3.11.9_1/libexec/disruptor-3.0.1.jar:/usr/local/Cellar/cassandra/3.11.9_1/libexec/ecj-4.4.2.jar:/usr/local/Cellar/cassandra/3.11.9_1/libexec/guava-18.0.jar:/usr/local/Cellar/cassandra/3.11.9_1/libexec/high-scale-lib-1.0.6.jar:/usr/local/Cellar/cassandra/3.11.9_1/libexec/hppc-0.5.4.jar:/usr/local/Cellar/cassandra/3.11.9_1/libexec/jackson-annotations-2.9.10.jar:/usr/local/Cellar/cassandra/3.11.9_1/libexec/jackson-core-2.9.10.jar:/usr/local/Cellar/cassandra/3.11.9_1/libexec/jackson-databind-2.9.10.4.jar:/usr/local/Cellar/cassandra/3.11.9_1/libexec/jamm-0.3.0.jar:/usr/local/Cellar/cassandra/3.11.9_1/libexec/javax.inject.jar:/usr/local/Cellar/cassandra/3.11.9_1/libexec/jbcrypt-0.3
Launcher Type: SUN_STANDARD

Environment Variables:
PATH=/Library/Frameworks/Python.framework/Versions/3.8/bin:/usr/local/opt/elasticsearch/bin:/Users/ankushjetly/.jenv/shims:/Users/ankushjetly/.jenv/bin:/Library/Frameworks/Python.framework/Versions/3.6/bin:/Users/ankushjetly/.rvm/gems/ruby-2.2.6/bin:/Users/ankushjetly/.rvm/gems/ruby-2.2.6@global/bin:/Users/ankushjetly/.rvm/rubies/ruby-2.2.6/bin:/Users/ankushjetly/.rbenv/shims:/Users/ankushjetly/.rbenv/shims:/Users/ankushjetly/.rbenv/shims:/Users/ankushjetly/.rbenv/shims:/Users/ankushjetly/.rbenv/shims:/Applications/MAMP/bin/php/php7.0.15/bin:/usr/local/bin:/usr/bin:/bin:/usr/sbin:/sbin:/usr/local/mysql/bin:/opt/X11/bin:/Users/ankushjetly/.rvm/bin:/usr/local/sbin
SHELL=/bin/bash
DISPLAY=/private/tmp/com.apple.launchd.l29ul47dbx/org.macosforge.xquartz:0

Signal Handlers:
SIGSEGV: [libjvm.dylib+0x58b0d3], sa_mask[0]=11111111011111110111111111111111, sa_flags=SA_ONSTACK|SA_RESTART|SA_SIGINFO
SIGBUS: [libjvm.dylib+0x58b0d3], sa_mask[0]=11111111011111110111111111111111, sa_flags=SA_RESTART|SA_SIGINFO
SIGFPE: [libjvm.dylib+0x4868d3], sa_mask[0]=11111111011111110111111111111111, sa_flags=SA_RESTART|SA_SIGINFO
SIGPIPE: [libjvm.dylib+0x4868d3], sa_mask[0]=11111111011111110111111111111111, sa_flags=SA_RESTART|SA_SIGINFO
SIGXFSZ: [libjvm.dylib+0x4868d3], sa_mask[0]=11111111011111110111111111111111, sa_flags=SA_RESTART|SA_SIGINFO
SIGILL: [libjvm.dylib+0x4868d3], sa_mask[0]=11111111011111110111111111111111, sa_flags=SA_RESTART|SA_SIGINFO
SIGUSR1: SIG_DFL, sa_mask[0]=11011111011111100000000111000110, sa_flags=none
SIGUSR2: [libjvm.dylib+0x4871a9], sa_mask[0]=00000000000000000000000000000000, sa_flags=SA_RESTART|SA_SIGINFO
SIGHUP: [libjvm.dylib+0x485399], sa_mask[0]=11111111011111110111111111111111, sa_flags=SA_RESTART|SA_SIGINFO
SIGINT: [libjvm.dylib+0x485399], sa_mask[0]=11111111011111110111111111111111, sa_flags=SA_RESTART|SA_SIGINFO
SIGTERM: [libjvm.dylib+0x485399], sa_mask[0]=11111111011111110111111111111111, sa_flags=SA_RESTART|SA_SIGINFO
SIGQUIT: [libjvm.dylib+0x485399], sa_mask[0]=11111111011111110111111111111111, sa_flags=SA_RESTART|SA_SIGINFO


---------------  S Y S T E M  ---------------

OS:Bsduname:Darwin 19.6.0 Darwin Kernel Version 19.6.0: Thu Oct 29 22:56:45 PDT 2020; root:xnu-6153.141.2.2~1/RELEASE_X86_64 x86_64
rlimit: STACK 8192k, CORE 0k, NPROC 1392, NOFILE 10240, AS infinity
load average:4.30 5.14 4.54

CPU:total 4 (initial active 4) (2 cores per cpu, 2 threads per core) family 6 model 61 stepping 4, cmov, cx8, fxsr, mmx, sse, sse2, sse3, ssse3, sse4.1, sse4.2, popcnt, avx, avx2, aes, clmul, erms, 3dnowpref, lzcnt, ht, tsc, tscinvbit, bmi1, bmi2, adx

Memory: 4k page, physical 4194304k(22940k free)

/proc/meminfo:


vm_info: OpenJDK 64-Bit Server VM (25.282-b00) for bsd-amd64 JRE (1.8.0_282-bre_2021_01_20_16_37-b00), built on Jan 20 2021 16:43:23 by "brew" with gcc Apple LLVM 12.0.0 (clang-1200.0.32.28)

time: Wed Mar 17 15:44:32 2021
timezone: IST
elapsed time: 9.337071 seconds (0d 0h 0m 9s)

